<?xml version="1.0" encoding="UTF-8"?>
<!-- Generated by org.testng.reporters.JUnitReportReporter -->
<testsuite skipped="0" hostname="CDC2-D-6S99H92" name="Selenium_Adv.first" tests="2" failures="0" timestamp="30 Jul 2019 05:10:27 GMT" time="0.000" errors="0">
  <testcase name="Login" time="0.000" classname="Selenium_Adv.first"/>
  <testcase name="Search" time="0.000" classname="Selenium_Adv.first"/>
</testsuite> <!-- Selenium_Adv.first -->
