<?xml version="1.0" encoding="UTF-8"?>
<!-- Generated by org.testng.reporters.JUnitReportReporter -->
<testsuite skipped="0" hostname="CDC2-D-6S99H92" name="Test.logintestcase" tests="1" failures="0" timestamp="01 Aug 2019 05:59:47 GMT" time="20.012" errors="0">
  <testcase name="test" time="20.012" classname="Test.logintestcase"/>
</testsuite> <!-- Test.logintestcase -->
