<?xml version="1.0" encoding="UTF-8"?>
<!-- Generated by org.testng.reporters.JUnitReportReporter -->
<testsuite skipped="0" hostname="CDC2-D-6S99H92" name="Test.login_tc_pagefactory" tests="1" failures="0" timestamp="01 Aug 2019 06:25:37 GMT" time="22.650" errors="0">
  <testcase name="test" time="22.650" classname="Test.login_tc_pagefactory"/>
</testsuite> <!-- Test.login_tc_pagefactory -->
