<?xml version="1.0" encoding="UTF-8"?>
<!-- Generated by org.testng.reporters.JUnitReportReporter -->
<testsuite skipped="0" hostname="CDC2-D-6S99H92" name="Selenium_Adv.excel_reader" tests="1" failures="0" timestamp="01 Aug 2019 03:57:28 GMT" time="0.772" errors="0">
  <testcase name="readdata" time="0.772" classname="Selenium_Adv.excel_reader"/>
</testsuite> <!-- Selenium_Adv.excel_reader -->
