<?xml version="1.0" encoding="UTF-8"?>
<!-- Generated by org.testng.reporters.JUnitReportReporter -->
<testsuite skipped="0" hostname="CDC2-D-6S99H92" name="Selenium_Adv.ajax" tests="1" failures="0" timestamp="31 Jul 2019 06:20:41 GMT" time="11.983" errors="0">
  <testcase name="f" time="11.983" classname="Selenium_Adv.ajax"/>
</testsuite> <!-- Selenium_Adv.ajax -->
