<?xml version="1.0" encoding="UTF-8"?>
<!-- Generated by org.testng.reporters.JUnitReportReporter -->
<testsuite skipped="0" hostname="CDC2-D-6S99H92" name="Selenium_Adv.NewTest" tests="1" failures="0" timestamp="31 Jul 2019 06:32:43 GMT" time="32.212" errors="0">
  <testcase name="f" time="32.212" classname="Selenium_Adv.NewTest"/>
</testsuite> <!-- Selenium_Adv.NewTest -->
