<?xml version="1.0" encoding="UTF-8"?>
<!-- Generated by org.testng.reporters.JUnitReportReporter -->
<testsuite skipped="0" hostname="CDC2-D-6S99H92" name="Test.registration_page_test" tests="1" failures="0" timestamp="02 Aug 2019 04:30:59 GMT" time="19.084" errors="0">
  <testcase name="registration_test" time="19.084" classname="Test.registration_page_test"/>
</testsuite> <!-- Test.registration_page_test -->
